<?xml version="1.0" encoding="UTF-8"?>
<testsuite xmlns:xsi="http://www.w3.org/2001/XMLSchema-instance" xsi:noNamespaceSchemaLocation="https://maven.apache.org/surefire/maven-surefire-plugin/xsd/surefire-test-report.xsd" version="3.0.2" name="br.com.ilumina.IluminaBackendApplicationTests" time="2.57" tests="1" errors="0" skipped="0" failures="0" flakes="0">
  <properties>
[...]
</properties>
  <testcase name="contextLoads" classname="br.com.ilumina.IluminaBackendApplicationTests" time="0.005">
    <system-out><![CDATA[2026-04-19T13:41:09.390-03:00  INFO 23000 --- [ilumina-backend] [           main] t.c.s.AnnotationConfigContextLoaderUtils : Could not detect default configuration classes for test class [br.com.ilumina.IluminaBackendApplicationTests]: IluminaBackendApplicationTests does not declare any static, non-private, non-final, nested classes annotated with @Configuration.
2026-04-19T13:41:09.413-03:00  INFO 23000 --- [ilumina-backend] [           main] .b.t.c.SpringBootTestContextBootstrapper : Found @SpringBootConfiguration br.com.ilumina.IluminaBackendApplication for test class br.com.ilumina.IluminaBackendApplicationTests
2026-04-19T13:41:09.422-03:00  INFO 23000 --- [ilumina-backend] [           main] o.s.b.d.r.RestartApplicationListener     : Restart disabled due to context in which it is running

  .   ____          _            __ _ _
 /\\ / ___'_ __ _ _(_)_ __  __ _ \ \ \ \
( ( )\___ | '_ | '_| | '_ \/ _` | \ \ \ \
 \\/  ___)| |_)| | | | | || (_| |  ) ) ) )
  '  |____| .__|_| |_|_| |_\__, | / / / /
 =========|_|==============|___/=/_/_/_/

 :: Spring Boot ::               (v3.5.12)

2026-04-19T13:41:09.465-03:00  INFO 23000 --- [ilumina-backend] [           main] b.c.i.IluminaBackendApplicationTests     : Starting IluminaBackendApplicationTests using Java 21.0.9 with PID 23000 (started by victo in C:\Users\victo\Desktop\Ilumina\backend)
2026-04-19T13:41:09.465-03:00  INFO 23000 --- [ilumina-backend] [           main] b.c.i.IluminaBackendApplicationTests     : The following 1 profile is active: "test"
2026-04-19T13:41:10.364-03:00  INFO 23000 --- [ilumina-backend] [           main] .s.d.r.c.RepositoryConfigurationDelegate : Bootstrapping Spring Data JPA repositories in DEFAULT mode.
2026-04-19T13:41:10.419-03:00  INFO 23000 --- [ilumina-backend] [           main] .s.d.r.c.RepositoryConfigurationDelegate : Finished Spring Data repository scanning in 53 ms. Found 13 JPA repository interfaces.
2026-04-19T13:41:10.615-03:00  INFO 23000 --- [ilumina-backend] [           main] o.hibernate.jpa.internal.util.LogHelper  : HHH000204: Processing PersistenceUnitInfo [name: default]
2026-04-19T13:41:10.618-03:00  INFO 23000 --- [ilumina-backend] [           main] o.h.c.internal.RegionFactoryInitiator    : HHH000026: Second-level cache disabled
2026-04-19T13:41:10.636-03:00  INFO 23000 --- [ilumina-backend] [           main] o.s.o.j.p.SpringPersistenceUnitInfo      : No LoadTimeWeaver setup: ignoring JPA class transformer
2026-04-19T13:41:10.638-03:00  INFO 23000 --- [ilumina-backend] [           main] com.zaxxer.hikari.HikariDataSource       : HikariPool-2 - Starting...
2026-04-19T13:41:10.642-03:00  INFO 23000 --- [ilumina-backend] [           main] com.zaxxer.hikari.pool.HikariPool        : HikariPool-2 - Added connection conn10: url=jdbc:h2:mem:ilumina_test user=SA
2026-04-19T13:41:10.643-03:00  INFO 23000 --- [ilumina-backend] [           main] com.zaxxer.hikari.HikariDataSource       : HikariPool-2 - Start completed.
2026-04-19T13:41:10.644-03:00  INFO 23000 --- [ilumina-backend] [           main] org.hibernate.orm.connections.pooling    : HHH10001005: Database info:
	Database JDBC URL [Connecting through datasource 'HikariDataSource (HikariPool-2)']
	Database driver: undefined/unknown
	Database version: 2.3.232
	Autocommit mode: undefined/unknown
	Isolation level: undefined/unknown
	Minimum pool size: undefined/unknown
	Maximum pool size: undefined/unknown
2026-04-19T13:41:10.870-03:00  INFO 23000 --- [ilumina-backend] [           main] o.h.e.t.j.p.i.JtaPlatformInitiator       : HHH000489: No JTA platform available (set 'hibernate.transaction.jta.platform' to enable JTA platform integration)
2026-04-19T13:41:10.929-03:00  INFO 23000 --- [ilumina-backend] [           main] j.LocalContainerEntityManagerFactoryBean : Initialized JPA EntityManagerFactory for persistence unit 'default'
2026-04-19T13:41:11.320-03:00  INFO 23000 --- [ilumina-backend] [           main] eAuthenticationProviderManagerConfigurer : Global AuthenticationManager configured with AuthenticationProvider bean with name authenticationProvider
2026-04-19T13:41:11.320-03:00  WARN 23000 --- [ilumina-backend] [           main] r$InitializeUserDetailsManagerConfigurer : Global AuthenticationManager configured with an AuthenticationProvider bean. UserDetailsService beans will not be used by Spring Security for automatically configuring username/password login. Consider removing the AuthenticationProvider bean. Alternatively, consider using the UserDetailsService in a manually instantiated DaoAuthenticationProvider. If the current configuration is intentional, to turn off this warning, increase the logging level of 'org.springframework.security.config.annotation.authentication.configuration.InitializeUserDetailsBeanManagerConfigurer' to ERROR
2026-04-19T13:41:11.585-03:00  INFO 23000 --- [ilumina-backend] [           main] o.s.b.a.e.web.EndpointLinksResolver      : Exposing 2 endpoints beneath base path '/actuator'
2026-04-19T13:41:11.919-03:00  INFO 23000 --- [ilumina-backend] [           main] b.c.i.IluminaBackendApplicationTests     : Started IluminaBackendApplicationTests in 2.497 seconds (process running for 70.275)
]]></system-out>
  </testcase>
</testsuite>